<?xml version="1.0" encoding="UTF-8"?>
<testsuite name="PrimeCalculatorTest" tests="5" skipped="0" failures="0" errors="0" timestamp="2024-05-05T11:42:14" hostname="DESKTOP-T8BDIA2" time="0.126">
  <properties/>
  <testcase name="testUndefinedPrime()" classname="PrimeCalculatorTest" time="0.081"/>
  <testcase name="testSixthPrime()" classname="PrimeCalculatorTest" time="0.007"/>
  <testcase name="testFirstPrime()" classname="PrimeCalculatorTest" time="0.003"/>
  <testcase name="testSecondPrime()" classname="PrimeCalculatorTest" time="0.003"/>
  <testcase name="testBigPrime()" classname="PrimeCalculatorTest" time="0.016"/>
  <system-out><![CDATA[]]></system-out>
  <system-err><![CDATA[]]></system-err>
</testsuite>
