<?xml version="1.0" encoding="UTF-8"?>
<testsuite name="TwoferTest" tests="3" skipped="0" failures="0" errors="0" timestamp="2024-05-05T08:52:41" hostname="DESKTOP-T8BDIA2" time="0.131">
  <properties/>
  <testcase name="noNameGiven()" classname="TwoferTest" time="0.111"/>
  <testcase name="aNameGiven()" classname="TwoferTest" time="0.01"/>
  <testcase name="anotherNameGiven()" classname="TwoferTest" time="0.003"/>
  <system-out><![CDATA[]]></system-out>
  <system-err><![CDATA[]]></system-err>
</testsuite>
