<?xml version="1.0" encoding="UTF-8"?>
<testsuite name="SimpleLinkedListTest" tests="7" skipped="0" failures="0" errors="0" timestamp="2024-05-05T11:34:52" hostname="DESKTOP-T8BDIA2" time="0.141">
  <properties/>
  <testcase name="canReturnListAsArray()" classname="SimpleLinkedListTest" time="0.096"/>
  <testcase name="reverseReversesList()" classname="SimpleLinkedListTest" time="0.01"/>
  <testcase name="canCreateFromArray()" classname="SimpleLinkedListTest" time="0.005"/>
  <testcase name="canReturnEmptyListAsEmptyArray()" classname="SimpleLinkedListTest" time="0.003"/>
  <testcase name="popOnEmptyListWillThrow()" classname="SimpleLinkedListTest" time="0.007"/>
  <testcase name="popReturnsLastAddedElement()" classname="SimpleLinkedListTest" time="0.003"/>
  <testcase name="aNewListIsEmpty()" classname="SimpleLinkedListTest" time="0.002"/>
  <system-out><![CDATA[]]></system-out>
  <system-err><![CDATA[]]></system-err>
</testsuite>
